<?xml version="1.0" encoding="UTF-8"?>
<testng-results ignored="0" total="1" passed="1" failed="0" skipped="0">
  <reporter-output>
  </reporter-output>
  <suite started-at="2025-12-31T17:50:04 IST" name="Default suite" finished-at="2025-12-31T17:50:29 IST" duration-ms="24553">
    <groups>
    </groups>
    <test started-at="2025-12-31T17:50:04 IST" name="Default test" finished-at="2025-12-31T17:50:29 IST" duration-ms="24553">
      <class name="steps.LambdaTest">
        <test-method is-config="true" signature="setUp(java.lang.String,java.lang.String,java.lang.String)[pri:0, instance:steps.LambdaTest@37ceb1df]" started-at="2025-12-31T17:50:04 IST" name="setUp" finished-at="2025-12-31T17:50:16 IST" duration-ms="11882" status="PASS">
          <params>
            <param index="0">
              <value>
                <![CDATA[chrome]]>
              </value>
            </param>
            <param index="1">
              <value>
                <![CDATA[143.0]]>
              </value>
            </param>
            <param index="2">
              <value>
                <![CDATA[Windows 11]]>
              </value>
            </param>
          </params>
          <reporter-output>
          </reporter-output>
        </test-method> <!-- setUp -->
        <test-method signature="testLambdaIntegrationFlow()[pri:0, instance:steps.LambdaTest@37ceb1df]" started-at="2025-12-31T17:50:16 IST" name="testLambdaIntegrationFlow" finished-at="2025-12-31T17:50:29 IST" duration-ms="12635" status="PASS">
          <reporter-output>
          </reporter-output>
        </test-method> <!-- testLambdaIntegrationFlow -->
      </class> <!-- steps.LambdaTest -->
    </test> <!-- Default test -->
  </suite> <!-- Default suite -->
</testng-results>
